0 info it worked if it ends with ok
1 verbose cli [ '/usr/local/bin/node', '/usr/local/bin/npm', 'run', 'test' ]
2 info using npm@3.9.5
3 info using node@v6.2.2
4 verbose run-script [ 'pretest', 'test', 'posttest' ]
5 info lifecycle cardsforhumanity@1.0.0~pretest: cardsforhumanity@1.0.0
6 silly lifecycle cardsforhumanity@1.0.0~pretest: no script for pretest, continuing
7 info lifecycle cardsforhumanity@1.0.0~test: cardsforhumanity@1.0.0
8 verbose lifecycle cardsforhumanity@1.0.0~test: unsafe-perm in lifecycle true
9 verbose lifecycle cardsforhumanity@1.0.0~test: PATH: /usr/local/lib/node_modules/npm/bin/node-gyp-bin:/Users/OluwadamilolaAdebayo/Simulations/project-ginsan/node_modules/.bin:/usr/local/bin:“/Users/OluwadamilolaAdebayo/Go/bin:/usr/local/heroku/bin:/Applications/MAMP/bin/php/php5.6.2/bin:/Users/OluwadamilolaAdebayo/.rvm/gems/ruby-2.2.1/bin:/Users/OluwadamilolaAdebayo/.rvm/gems/ruby-2.2.1@global/bin:/Users/OluwadamilolaAdebayo/.rvm/rubies/ruby-2.2.1/bin:/Users/OluwadamilolaAdebayo/bin:/usr/local/bin:/usr/bin:/bin:/usr/sbin:/sbin:/Users/OluwadamilolaAdebayo/.rvm/bin
9 verbose lifecycle export PATH=/usr/local/heroku/bin:/Applications/MAMP/bin/php/php5.6.2/bin:/Users/OluwadamilolaAdebayo/.rvm/gems/ruby-2.2.1/bin:/Users/OluwadamilolaAdebayo/.rvm/gems/ruby-2.2.1@global/bin:/Users/OluwadamilolaAdebayo/.rvm/rubies/ruby-2.2.1/bin:/Users/OluwadamilolaAdebayo/bin:/usr/local/bin:/usr/bin:/bin:/usr/sbin:/sbin:/Users/OluwadamilolaAdebayo/.rvm/bin:/usr/local/opt/go/libexec/bin”
10 verbose lifecycle cardsforhumanity@1.0.0~test: CWD: /Users/OluwadamilolaAdebayo/Simulations/project-ginsan
11 silly lifecycle cardsforhumanity@1.0.0~test: Args: [ '-c', 'node node_modules/grunt-cli/bin/grunt test' ]
12 silly lifecycle cardsforhumanity@1.0.0~test: Returned: code: 3  signal: null
13 info lifecycle cardsforhumanity@1.0.0~test: Failed to exec test script
14 verbose stack Error: cardsforhumanity@1.0.0 test: `node node_modules/grunt-cli/bin/grunt test`
14 verbose stack Exit status 3
14 verbose stack     at EventEmitter.<anonymous> (/usr/local/lib/node_modules/npm/lib/utils/lifecycle.js:245:16)
14 verbose stack     at emitTwo (events.js:106:13)
14 verbose stack     at EventEmitter.emit (events.js:191:7)
14 verbose stack     at ChildProcess.<anonymous> (/usr/local/lib/node_modules/npm/lib/utils/spawn.js:24:14)
14 verbose stack     at emitTwo (events.js:106:13)
14 verbose stack     at ChildProcess.emit (events.js:191:7)
14 verbose stack     at maybeClose (internal/child_process.js:852:16)
14 verbose stack     at Process.ChildProcess._handle.onexit (internal/child_process.js:215:5)
15 verbose pkgid cardsforhumanity@1.0.0
16 verbose cwd /Users/OluwadamilolaAdebayo/Simulations/project-ginsan
17 error Darwin 14.1.0
18 error argv "/usr/local/bin/node" "/usr/local/bin/npm" "run" "test"
19 error node v6.2.2
20 error npm  v3.9.5
21 error code ELIFECYCLE
22 error cardsforhumanity@1.0.0 test: `node node_modules/grunt-cli/bin/grunt test`
22 error Exit status 3
23 error Failed at the cardsforhumanity@1.0.0 test script 'node node_modules/grunt-cli/bin/grunt test'.
23 error Make sure you have the latest version of node.js and npm installed.
23 error If you do, this is most likely a problem with the cardsforhumanity package,
23 error not with npm itself.
23 error Tell the author that this fails on your system:
23 error     node node_modules/grunt-cli/bin/grunt test
23 error You can get information on how to open an issue for this project with:
23 error     npm bugs cardsforhumanity
23 error Or if that isn't available, you can get their info via:
23 error     npm owner ls cardsforhumanity
23 error There is likely additional logging output above.
24 verbose exit [ 1, true ]
